<?xml version="1.0" encoding="UTF-8"?>
<testng-results skipped="0" failed="0" ignored="0" total="1" passed="1">
  <reporter-output>
  </reporter-output>
  <suite name="Default suite" duration-ms="15165" started-at="2019-08-04T14:25:17Z" finished-at="2019-08-04T14:25:32Z">
    <groups>
    </groups>
    <test name="Default test" duration-ms="15165" started-at="2019-08-04T14:25:17Z" finished-at="2019-08-04T14:25:32Z">
      <class name="com.guru.testcases.TC_001_LoginTest">
        <test-method status="PASS" signature="setUpSuite()[pri:0, instance:com.guru.testcases.TC_001_LoginTest@5622fdf]" name="setUpSuite" is-config="true" duration-ms="486" started-at="2019-08-04T19:55:17Z" finished-at="2019-08-04T19:55:17Z">
          <reporter-output>
          </reporter-output>
        </test-method> <!-- setUpSuite -->
        <test-method status="PASS" signature="setup()[pri:0, instance:com.guru.testcases.TC_001_LoginTest@5622fdf]" name="setup" is-config="true" duration-ms="12428" started-at="2019-08-04T19:55:17Z" finished-at="2019-08-04T19:55:29Z">
          <reporter-output>
          </reporter-output>
        </test-method> <!-- setup -->
        <test-method status="PASS" signature="loginApp()[pri:0, instance:com.guru.testcases.TC_001_LoginTest@5622fdf]" name="loginApp" duration-ms="2715" started-at="2019-08-04T19:55:29Z" finished-at="2019-08-04T19:55:32Z">
          <reporter-output>
          </reporter-output>
        </test-method> <!-- loginApp -->
        <test-method status="PASS" signature="tearDown()[pri:0, instance:com.guru.testcases.TC_001_LoginTest@5622fdf]" name="tearDown" is-config="true" duration-ms="717" started-at="2019-08-04T19:55:32Z" finished-at="2019-08-04T19:55:33Z">
          <reporter-output>
          </reporter-output>
        </test-method> <!-- tearDown -->
      </class> <!-- com.guru.testcases.TC_001_LoginTest -->
    </test> <!-- Default test -->
  </suite> <!-- Default suite -->
</testng-results>
